0 info it worked if it ends with ok
1 verbose cli [ 'D:\\node.exe',
1 verbose cli   'D:\\node_modules\\npm\\bin\\npm-cli.js',
1 verbose cli   'publish' ]
2 info using npm@3.6.0
3 info using node@v5.7.1
4 verbose publish [ '.' ]
5 silly cache add args [ '.', null ]
6 verbose cache add spec .
7 silly cache add parsed spec Result {
7 silly cache add   raw: '.',
7 silly cache add   scope: null,
7 silly cache add   name: null,
7 silly cache add   rawSpec: '.',
7 silly cache add   spec: 'D:\\node\\gitext\\201602node_homework\\第五组彭荣树\\王萌\\wangmeng-server',
7 silly cache add   type: 'directory' }
8 verbose addLocalDirectory C:\Users\wangmeng-ds3\AppData\Roaming\npm-cache\wangmeng1\6.0.0\package.tgz not in flight; packing
9 verbose correctMkdir C:\Users\wangmeng-ds3\AppData\Roaming\npm-cache correctMkdir not in flight; initializing
10 info lifecycle wangmeng1@6.0.0~prepublish: wangmeng1@6.0.0
11 silly lifecycle wangmeng1@6.0.0~prepublish: no script for prepublish, continuing
12 verbose tar pack [ 'C:\\Users\\wangmeng-ds3\\AppData\\Roaming\\npm-cache\\wangmeng1\\6.0.0\\package.tgz',
12 verbose tar pack   'D:\\node\\gitext\\201602node_homework\\第五组彭荣树\\王萌\\wangmeng-server' ]
13 verbose tarball C:\Users\wangmeng-ds3\AppData\Roaming\npm-cache\wangmeng1\6.0.0\package.tgz
14 verbose folder D:\node\gitext\201602node_homework\第五组彭荣树\王萌\wangmeng-server
15 verbose addLocalTarball adding from inside cache C:\Users\wangmeng-ds3\AppData\Roaming\npm-cache\wangmeng1\6.0.0\package.tgz
16 verbose correctMkdir C:\Users\wangmeng-ds3\AppData\Roaming\npm-cache correctMkdir not in flight; initializing
17 silly cache afterAdd wangmeng1@6.0.0
18 verbose afterAdd C:\Users\wangmeng-ds3\AppData\Roaming\npm-cache\wangmeng1\6.0.0\package\package.json not in flight; writing
19 verbose correctMkdir C:\Users\wangmeng-ds3\AppData\Roaming\npm-cache correctMkdir not in flight; initializing
20 verbose afterAdd C:\Users\wangmeng-ds3\AppData\Roaming\npm-cache\wangmeng1\6.0.0\package\package.json written
21 silly publish { name: 'wangmeng1',
21 silly publish   version: '6.0.0',
21 silly publish   main: 'index.js',
21 silly publish   scripts:
21 silly publish    { test: 'echo "Error: no test specified" && exit 1',
21 silly publish      start: 'node server.js' },
21 silly publish   bin: { 'wangmeng-server': './server.js' },
21 silly publish   author: '',
21 silly publish   license: 'ISC',
21 silly publish   dependencies: { mime: '^1.3.4' },
21 silly publish   devDependencies: {},
21 silly publish   description: '',
21 silly publish   readme: 'ERROR: No README data found!',
21 silly publish   _id: 'wangmeng1@6.0.0',
21 silly publish   _shasum: '2073e2e3c25c1ca8e0dd5ed385236956f98e9c57',
21 silly publish   _from: '.' }
22 verbose getPublishConfig undefined
23 silly mapToRegistry name wangmeng1
24 silly mapToRegistry using default registry
25 silly mapToRegistry registry http://r.cnpmjs.org/
26 silly mapToRegistry uri http://r.cnpmjs.org/wangmeng1
27 verbose publish registryBase http://r.cnpmjs.org/
28 silly publish uploading C:\Users\wangmeng-ds3\AppData\Roaming\npm-cache\wangmeng1\6.0.0\package.tgz
29 verbose request uri http://r.cnpmjs.org/wangmeng1
30 verbose request sending authorization for write operation
31 info attempt registry request try #1 at 12:19:45
32 verbose request id a1217a790f4eaab5
33 http request PUT http://r.cnpmjs.org/wangmeng1
34 http 403 http://r.cnpmjs.org/wangmeng1
35 verbose headers { server: 'nginx/1.4.6 (Ubuntu)',
35 verbose headers   date: 'Thu, 14 Apr 2016 04:19:45 GMT',
35 verbose headers   'content-type': 'application/json; charset=utf-8',
35 verbose headers   'transfer-encoding': 'chunked',
35 verbose headers   connection: 'keep-alive',
35 verbose headers   'x-readtime': '8',
35 verbose headers   'content-encoding': 'gzip' }
36 verbose request invalidating C:\Users\wangmeng-ds3\AppData\Roaming\npm-cache\r.cnpmjs.org\wangmeng1 on PUT
37 error publish Failed PUT 403
38 verbose stack Error: no_perms can't publish non-scoped package, please set `config.scopes`: wangmeng1
38 verbose stack     at makeError (D:\node_modules\npm\node_modules\npm-registry-client\lib\request.js:264:12)
38 verbose stack     at CachingRegistryClient.<anonymous> (D:\node_modules\npm\node_modules\npm-registry-client\lib\request.js:252:14)
38 verbose stack     at D:\node_modules\npm\node_modules\npm-registry-client\lib\request.js:178:7
38 verbose stack     at Gunzip.onEnd (zlib.js:227:5)
38 verbose stack     at emitNone (events.js:85:20)
38 verbose stack     at Gunzip.emit (events.js:179:7)
38 verbose stack     at endReadableNT (_stream_readable.js:913:12)
38 verbose stack     at _combinedTickCallback (node.js:377:13)
38 verbose stack     at process._tickCallback (node.js:401:11)
39 verbose statusCode 403
40 verbose pkgid wangmeng1
41 verbose cwd D:\node\gitext\201602node_homework\第五组彭荣树\王萌\wangmeng-server
42 error Windows_NT 6.1.7601
43 error argv "D:\\node.exe" "D:\\node_modules\\npm\\bin\\npm-cli.js" "publish"
44 error node v5.7.1
45 error npm  v3.6.0
46 error code E403
47 error no_perms can't publish non-scoped package, please set `config.scopes`: wangmeng1
48 error If you need help, you may report this error at:
48 error     <https://github.com/npm/npm/issues>
49 verbose exit [ 1, true ]
